<?xml version="1.0" encoding="UTF-8"?>
<!-- Generated by org.testng.reporters.JUnitReportReporter -->
<testsuite hostname="Pranav_Patil" failures="0" tests="8" name="com.module_8.Keyword_driven" time="14.003" errors="0" timestamp="2026-02-13T14:59:23 IST" skipped="0">
  <testcase classname="com.module_8.Keyword_driven" name="test" time="0.233"/>
  <testcase classname="com.module_8.Keyword_driven" name="test" time="2.174"/>
  <testcase classname="com.module_8.Keyword_driven" name="test" time="2.275"/>
  <testcase classname="com.module_8.Keyword_driven" name="test" time="2.161"/>
  <testcase classname="com.module_8.Keyword_driven" name="test" time="2.514"/>
  <testcase classname="com.module_8.Keyword_driven" name="test" time="2.217"/>
  <testcase classname="com.module_8.Keyword_driven" name="test" time="0.002"/>
  <testcase classname="com.module_8.Keyword_driven" name="test" time="2.427"/>
</testsuite> <!-- com.module_8.Keyword_driven -->
