<?xml version="1.0" encoding="UTF-8"?>
<!-- Generated by org.testng.reporters.JUnitXMLReporter -->
<testsuite ignored="0" hostname="Pranav_Patil" failures="0" tests="3" name="Default test" time="0.055" errors="0" timestamp="2026-02-10T16:53:00 IST">
  <testcase classname="com.websriver_Module_7_testng.TestNGDataProvider" name="loginTest" time="0.01"/>
  <testcase classname="com.websriver_Module_7_testng.TestNGDataProvider" name="loginTest" time="0.001"/>
  <testcase classname="com.websriver_Module_7_testng.TestNGDataProvider" name="loginTest" time="0.001"/>
</testsuite> <!-- Default test -->
