<?xml version="1.0" encoding="UTF-8"?>
<testng-results ignored="0" total="3" passed="3" failed="0" skipped="0">
  <reporter-output>
  </reporter-output>
  <suite started-at="2026-02-10T16:53:00 IST" name="Default suite" finished-at="2026-02-10T16:53:00 IST" duration-ms="55">
    <groups>
    </groups>
    <test started-at="2026-02-10T16:53:00 IST" name="Default test" finished-at="2026-02-10T16:53:00 IST" duration-ms="55">
      <class name="com.websriver_Module_7_testng.TestNGDataProvider">
        <test-method signature="loginTest(java.lang.String,java.lang.String)[pri:0, instance:com.websriver_Module_7_testng.TestNGDataProvider@6743e411]" started-at="2026-02-10T16:53:00 IST" name="loginTest" data-provider="loginData" finished-at="2026-02-10T16:53:00 IST" duration-ms="10" status="PASS">
          <params>
            <param index="0">
              <value>
                <![CDATA[admin]]>
              </value>
            </param>
            <param index="1">
              <value>
                <![CDATA[admin123]]>
              </value>
            </param>
          </params>
          <reporter-output>
          </reporter-output>
        </test-method> <!-- loginTest -->
        <test-method signature="loginTest(java.lang.String,java.lang.String)[pri:0, instance:com.websriver_Module_7_testng.TestNGDataProvider@6743e411]" started-at="2026-02-10T16:53:00 IST" name="loginTest" data-provider="loginData" finished-at="2026-02-10T16:53:00 IST" duration-ms="1" status="PASS">
          <params>
            <param index="0">
              <value>
                <![CDATA[user]]>
              </value>
            </param>
            <param index="1">
              <value>
                <![CDATA[user123]]>
              </value>
            </param>
          </params>
          <reporter-output>
          </reporter-output>
        </test-method> <!-- loginTest -->
        <test-method signature="loginTest(java.lang.String,java.lang.String)[pri:0, instance:com.websriver_Module_7_testng.TestNGDataProvider@6743e411]" started-at="2026-02-10T16:53:00 IST" name="loginTest" data-provider="loginData" finished-at="2026-02-10T16:53:00 IST" duration-ms="1" status="PASS">
          <params>
            <param index="0">
              <value>
                <![CDATA[test]]>
              </value>
            </param>
            <param index="1">
              <value>
                <![CDATA[test123]]>
              </value>
            </param>
          </params>
          <reporter-output>
          </reporter-output>
        </test-method> <!-- loginTest -->
      </class> <!-- com.websriver_Module_7_testng.TestNGDataProvider -->
    </test> <!-- Default test -->
  </suite> <!-- Default suite -->
</testng-results>
