<?xml version="1.0" encoding="UTF-8"?>
<!-- Generated by org.testng.reporters.JUnitReportReporter -->
<testsuite hostname="Pranav_Patil" failures="0" tests="3" name="com.websriver_Module_7_testng.create_group" time="8.252" errors="0" timestamp="2026-02-10T16:49:08 IST" skipped="0">
  <testcase classname="com.websriver_Module_7_testng.create_group" name="openGoogleTest" time="2.191"/>
  <testcase classname="com.websriver_Module_7_testng.create_group" name="openGmailTest" time="3.345"/>
  <testcase classname="com.websriver_Module_7_testng.create_group" name="openFacebookTest" time="2.716"/>
</testsuite> <!-- com.websriver_Module_7_testng.create_group -->
