<?xml version="1.0" encoding="UTF-8"?>
<!-- Generated by org.testng.reporters.JUnitReportReporter -->
<testsuite hostname="Pranav_Patil" failures="0" tests="3" name="com.websriver_Module_7_testng.TestNGDataProvider" time="0.012" errors="0" timestamp="2026-02-10T16:53:00 IST" skipped="0">
  <testcase classname="com.websriver_Module_7_testng.TestNGDataProvider" name="loginTest" time="0.001"/>
  <testcase classname="com.websriver_Module_7_testng.TestNGDataProvider" name="loginTest" time="0.010"/>
  <testcase classname="com.websriver_Module_7_testng.TestNGDataProvider" name="loginTest" time="0.001"/>
</testsuite> <!-- com.websriver_Module_7_testng.TestNGDataProvider -->
