<?xml version="1.0" encoding="UTF-8"?>
<!-- Generated by org.testng.reporters.JUnitReportReporter -->
<testsuite hostname="Pranav_Patil" failures="0" tests="3" name="com.websriver_Module_7_testng.facebook_Login_multiple_parameter" time="18.659" errors="0" timestamp="2026-02-10T16:11:32 IST" skipped="0">
  <testcase classname="com.websriver_Module_7_testng.facebook_Login_multiple_parameter" name="testFacebookLogin" time="7.947"/>
  <testcase classname="com.websriver_Module_7_testng.facebook_Login_multiple_parameter" name="testFacebookLogin" time="5.369"/>
  <testcase classname="com.websriver_Module_7_testng.facebook_Login_multiple_parameter" name="testFacebookLogin" time="5.343"/>
</testsuite> <!-- com.websriver_Module_7_testng.facebook_Login_multiple_parameter -->
